<?xml version="1.0" encoding="UTF-8"?>
<testsuite xmlns:xsi="http://www.w3.org/2001/XMLSchema-instance" xsi:noNamespaceSchemaLocation="https://maven.apache.org/surefire/maven-surefire-plugin/xsd/surefire-test-report-3.0.xsd" version="3.0" name="tests.getbooking.GetBookingsTest" time="4.732" tests="7" errors="0" skipped="0" failures="1">
  <properties>
[...]
</properties>
  <testcase name="getBookingsGivenBookings" classname="tests.getbooking.GetBookingsTest" time="0.678">
    <failure message="1 expectation failed.&#10;Expected status code &lt;200&gt; but was &lt;404&gt;.&#10;" type="java.lang.AssertionError"><![CDATA[java.lang.AssertionError: 
1 expectation failed.
Expected status code <200> but was <404>.

	at java.base/jdk.internal.reflect.DirectConstructorHandleAccessor.newInstance(DirectConstructorHandleAccessor.java:62)
	at java.base/java.lang.reflect.Constructor.newInstanceWithCaller(Constructor.java:499)
	at java.base/java.lang.reflect.Constructor.newInstance(Constructor.java:483)
	at org.codehaus.groovy.reflection.CachedConstructor.invoke(CachedConstructor.java:73)
	at org.codehaus.groovy.runtime.callsite.ConstructorSite$ConstructorSiteNoUnwrapNoCoerce.callConstructor(ConstructorSite.java:108)
	at org.codehaus.groovy.runtime.callsite.AbstractCallSite.callConstructor(AbstractCallSite.java:277)
	at io.restassured.internal.ResponseSpecificationImpl$HamcrestAssertionClosure.validate(ResponseSpecificationImpl.groovy:512)
	at io.restassured.internal.ResponseSpecificationImpl$HamcrestAssertionClosure$validate$1.call(Unknown Source)
	at io.restassured.internal.ResponseSpecificationImpl.validateResponseIfRequired(ResponseSpecificationImpl.groovy:696)
	at io.restassured.internal.ResponseSpecificationImpl.this$2$validateResponseIfRequired(ResponseSpecificationImpl.groovy)
	at java.base/jdk.internal.reflect.DirectMethodHandleAccessor.invoke(DirectMethodHandleAccessor.java:104)
	at java.base/java.lang.reflect.Method.invoke(Method.java:565)
	at org.codehaus.groovy.runtime.callsite.PlainObjectMetaMethodSite.doInvoke(PlainObjectMetaMethodSite.java:43)
	at org.codehaus.groovy.runtime.callsite.PogoMetaMethodSite$PogoCachedMethodSiteNoUnwrapNoCoerce.invoke(PogoMetaMethodSite.java:198)
	at org.codehaus.groovy.runtime.callsite.PogoMetaMethodSite.callCurrent(PogoMetaMethodSite.java:62)
	at org.codehaus.groovy.runtime.callsite.AbstractCallSite.callCurrent(AbstractCallSite.java:185)
	at io.restassured.internal.ResponseSpecificationImpl.statusCode(ResponseSpecificationImpl.groovy:135)
	at io.restassured.specification.ResponseSpecification$statusCode$0.callCurrent(Unknown Source)
	at io.restassured.internal.ResponseSpecificationImpl.statusCode(ResponseSpecificationImpl.groovy:143)
	at io.restassured.internal.ValidatableResponseOptionsImpl.statusCode(ValidatableResponseOptionsImpl.java:89)
	at tests.getbooking.GetBookingsTest.getBookingsGivenBookings(GetBookingsTest.java:26)
	at java.base/java.lang.reflect.Method.invoke(Method.java:565)
	at java.base/java.util.ArrayList.forEach(ArrayList.java:1604)
	at java.base/java.util.ArrayList.forEach(ArrayList.java:1604)
]]></failure>
    <system-out><![CDATA[Request URI:	https://restful-booker.herokuapp.com/booking/806
HTTP/1.1 404 Not Found
Not Found
]]></system-out>
  </testcase>
  <testcase name="getBookingsintsByNotExistId(String)[1]" classname="tests.getbooking.GetBookingsTest" time="0.67">
    <system-out><![CDATA[Request URI:	https://restful-booker.herokuapp.com/booking/0
HTTP/1.1 404 Not Found
Not Found
]]></system-out>
  </testcase>
  <testcase name="getBookingsintsByNotExistId(String)[2]" classname="tests.getbooking.GetBookingsTest" time="0.679">
    <system-out><![CDATA[Request URI:	https://restful-booker.herokuapp.com/booking/-10
HTTP/1.1 404 Not Found
Not Found
]]></system-out>
  </testcase>
  <testcase name="getBookingsintsByNotExistId(String)[3]" classname="tests.getbooking.GetBookingsTest" time="0.662">
    <system-out><![CDATA[Request URI:	https://restful-booker.herokuapp.com/booking/%25%5E%26%26*
HTTP/1.1 404 Not Found
Not Found
]]></system-out>
  </testcase>
  <testcase name="getBookingsintsByNotExistId(String)[4]" classname="tests.getbooking.GetBookingsTest" time="0.684">
    <system-out><![CDATA[Request URI:	https://restful-booker.herokuapp.com/booking/1000000000000
HTTP/1.1 404 Not Found
Not Found
]]></system-out>
  </testcase>
  <testcase name="getBookingsintsByNotExistId(String)[5]" classname="tests.getbooking.GetBookingsTest" time="0.64">
    <system-out><![CDATA[Request URI:	https://restful-booker.herokuapp.com/booking/%20%25111%25
HTTP/1.1 404 Not Found
Not Found
]]></system-out>
  </testcase>
  <testcase name="getBookingsintsByNotExistId(String)[6]" classname="tests.getbooking.GetBookingsTest" time="0.647">
    <system-out><![CDATA[Request URI:	https://restful-booker.herokuapp.com/booking/abcde
HTTP/1.1 404 Not Found
Not Found
]]></system-out>
  </testcase>
</testsuite>