<?xml version="1.0" encoding="UTF-8"?>
<testsuite xmlns:xsi="http://www.w3.org/2001/XMLSchema-instance" xsi:noNamespaceSchemaLocation="https://maven.apache.org/surefire/maven-surefire-plugin/xsd/surefire-test-report-3.0.xsd" version="3.0" name="test.DateBirthValidationTest" time="22.771" tests="6" errors="0" skipped="0" failures="0">
  <properties>
[...]
</properties>
  <testcase name="birtDateValidation(DateValues)[1]" classname="test.DateBirthValidationTest" time="5.876">
    <system-err><![CDATA[[main] INFO com.codeborne.selenide.impl.WebDriverThreadLocalContainer - No webdriver is bound to current thread: 3 - let's create a new webdriver
[main] INFO com.codeborne.selenide.impl.FileHelper - Creating folder: C:\Users\a.dorokhin\IdeaProjects\bftStudyAqa\diplom_project\build\downloads\1767856731777_17508_3
янв. 08, 2026 10:18:52 AM org.openqa.selenium.manager.SeleniumManager lambda$runCommand$1
WARNING: The chromedriver version (142.0.7444.162) detected in PATH at C:\Users\a.dorokhin\IdeaProjects\BftMyFirstTests\build\downloads\chromedriver.exe might not be compatible with the detected chrome version (143.0.7499.170); currently, chromedriver 143.0.7499.192 is recommended for chrome 143.*, so it is advised to delete the driver in PATH and retry
янв. 08, 2026 10:18:53 AM org.openqa.selenium.devtools.CdpVersionFinder findNearestMatch
WARNING: Unable to find CDP implementation matching 143
янв. 08, 2026 10:18:53 AM org.openqa.selenium.chromium.ChromiumDriver lambda$new$5
WARNING: Unable to find version of CDP to use for 143.0.7499.170. You may need to include a dependency on a specific version of the CDP using something similar to `org.seleniumhq.selenium:selenium-devtools-v86:4.19.1` where the version ("v86") matches the version of the chromium-based browser you're using and the version number of the artifact is the same as Selenium's.
[main] INFO com.codeborne.selenide.webdriver.WebDriverFactory - BrowserName=chrome Version=143.0.7499.170 Platform=windows
[main] INFO com.codeborne.selenide.webdriver.WebDriverFactory - Selenide v. 7.2.3
[main] INFO com.codeborne.selenide.webdriver.WebDriverFactory - Selenium WebDriver v. 4.19.1 build revision: abe0ee07dc
[main] INFO com.codeborne.selenide.drivercommands.CreateDriverCommand - Created webdriver in thread 3: ChromeDriver -> ChromeDriver: chrome on windows (f81e79e731a3e7fa6ff10ab525b422f0), downloadsFolder: C:\Users\a.dorokhin\IdeaProjects\bftStudyAqa\diplom_project\build\downloads\1767856731777_17508_3
[main] INFO com.codeborne.selenide.drivercommands.DisposablesRegistry - Register WebDriverInstance[config=StaticConfig, webDriver=ChromeDriver: chrome on windows (f81e79e731a3e7fa6ff10ab525b422f0), proxy=null, downloadsFolder=C:\Users\a.dorokhin\IdeaProjects\bftStudyAqa\diplom_project\build\downloads\1767856731777_17508_3] in 3 [size=1]
[main] INFO com.codeborne.selenide.drivercommands.DisposablesRegistry - Add shutdown hook in 3 [size=1]
]]></system-err>
  </testcase>
  <testcase name="birtDateValidation(DateValues)[2]" classname="test.DateBirthValidationTest" time="2.063"/>
  <testcase name="birtDateValidation(DateValues)[3]" classname="test.DateBirthValidationTest" time="1.679"/>
  <testcase name="birtDateValidation(DateValues)[4]" classname="test.DateBirthValidationTest" time="1.977"/>
  <testcase name="birtDateValidation(DateValues)[5]" classname="test.DateBirthValidationTest" time="5.562">
    <system-out><![CDATA[негативный сценарий отработал: Некорректная дата: 29 February 2026
]]></system-out>
  </testcase>
  <testcase name="birtDateValidation(DateValues)[6]" classname="test.DateBirthValidationTest" time="5.451">
    <system-out><![CDATA[негативный сценарий отработал: Некорректная дата: 31 February 2000
]]></system-out>
  </testcase>
</testsuite>